2017-04-26 12:07:32,102 - rootLogger - INFO - All Excel Files Initialised successfully.
2017-04-26 12:07:32,104 - rootLogger - INFO - Param.properties file loaded successfully.
2017-04-26 12:07:32,105 - rootLogger - INFO - Objects.properties file loaded successfully.
2017-04-26 12:07:32,151 - rootLogger - INFO - All Excel Files Initialised successfully.
2017-04-26 12:07:32,151 - rootLogger - INFO - Param.properties file loaded successfully.
2017-04-26 12:07:32,152 - rootLogger - INFO - Objects.properties file loaded successfully.
2017-04-26 12:07:32,152 - rootLogger - INFO - BasicAPIMultipleResultExtract1 : Execution started.
2017-04-26 12:07:34,578 - rootLogger - INFO - BasicAPIMultipleResultExtract1 : Reporting test data set line 1 as PASS In excel.
2017-04-26 12:07:35,189 - rootLogger - INFO - BasicAPIMultipleResultExtract1 : Reporting test data set line 2 as PASS In excel.
2017-04-26 12:07:35,709 - rootLogger - INFO - BasicAPIMultipleResultExtract1 : Reporting test data set line 3 as PASS In excel.
2017-04-26 12:07:36,377 - rootLogger - INFO - BasicAPIMultipleResultExtract1 : Reporting test data set line 4 as PASS In excel.
2017-04-26 12:07:37,006 - rootLogger - INFO - BasicAPIMultipleResultExtract1 : Reporting test data set line 5 as PASS In excel.
2017-04-26 12:07:37,536 - rootLogger - INFO - BasicAPIMultipleResultExtract1 : Reporting test data set line 6 as PASS In excel.
2017-04-26 12:07:38,260 - rootLogger - INFO - BasicAPIMultipleResultExtract1 : Reporting test data set line 7 as PASS In excel.
2017-04-26 12:07:38,928 - rootLogger - INFO - BasicAPIMultipleResultExtract1 : Reporting test data set line 8 as PASS In excel.
2017-04-26 12:07:39,461 - rootLogger - INFO - BasicAPIMultipleResultExtract1 : Reporting test data set line 9 as PASS In excel.
2017-04-26 12:07:40,091 - rootLogger - INFO - BasicAPIMultipleResultExtract1 : Reporting test data set line 10 as PASS In excel.
2017-04-26 12:07:40,847 - rootLogger - INFO - BasicAPIMultipleResultExtract1 : Reporting test data set line 11 as PASS In excel.
2017-04-26 12:07:41,500 - rootLogger - INFO - BasicAPIMultipleResultExtract1 : Reporting test data set line 12 as PASS In excel.
2017-04-26 12:07:42,128 - rootLogger - INFO - BasicAPIMultipleResultExtract1 : Reporting test data set line 13 as PASS In excel.
2017-04-26 12:07:42,757 - rootLogger - INFO - BasicAPIMultipleResultExtract1 : Reporting test data set line 14 as PASS In excel.
2017-04-26 12:07:43,393 - rootLogger - INFO - BasicAPIMultipleResultExtract1 : Reporting test data set line 15 as PASS In excel.
2017-04-26 12:07:44,032 - rootLogger - INFO - BasicAPIMultipleResultExtract1 : Reporting test data set line 16 as PASS In excel.
2017-04-26 12:07:44,675 - rootLogger - INFO - BasicAPIMultipleResultExtract1 : Reporting test data set line 17 as PASS In excel.
2017-04-26 12:07:45,319 - rootLogger - INFO - BasicAPIMultipleResultExtract1 : Reporting test data set line 18 as PASS In excel.
2017-04-26 12:07:45,961 - rootLogger - INFO - BasicAPIMultipleResultExtract1 : Reporting test data set line 19 as PASS In excel.
2017-04-26 12:07:46,599 - rootLogger - INFO - BasicAPIMultipleResultExtract1 : Reporting test data set line 20 as PASS In excel.
2017-04-26 12:07:47,233 - rootLogger - INFO - BasicAPIMultipleResultExtract1 : Reporting test data set line 21 as PASS In excel.
2017-04-26 12:07:47,869 - rootLogger - INFO - BasicAPIMultipleResultExtract1 : Reporting test data set line 22 as PASS In excel.
2017-04-26 12:07:48,513 - rootLogger - INFO - BasicAPIMultipleResultExtract1 : Reporting test data set line 23 as PASS In excel.
2017-04-26 12:07:49,152 - rootLogger - INFO - BasicAPIMultipleResultExtract1 : Reporting test data set line 24 as PASS In excel.
2017-04-26 12:07:49,802 - rootLogger - INFO - BasicAPIMultipleResultExtract1 : Reporting test data set line 25 as PASS In excel.
2017-04-26 12:07:50,447 - rootLogger - INFO - BasicAPIMultipleResultExtract1 : Reporting test data set line 26 as PASS In excel.
2017-04-26 12:07:51,073 - rootLogger - INFO - BasicAPIMultipleResultExtract1 : Reporting test data set line 27 as PASS In excel.
2017-04-26 12:07:51,722 - rootLogger - INFO - BasicAPIMultipleResultExtract1 : Reporting test data set line 28 as PASS In excel.
2017-04-26 12:07:52,353 - rootLogger - INFO - BasicAPIMultipleResultExtract1 : Reporting test data set line 29 as PASS In excel.
2017-04-26 12:07:53,003 - rootLogger - INFO - BasicAPIMultipleResultExtract1 : Reporting test data set line 30 as PASS In excel.
2017-04-26 12:07:53,666 - rootLogger - INFO - BasicAPIMultipleResultExtract1 : Reporting test data set line 31 as PASS In excel.
2017-04-26 12:07:54,271 - rootLogger - INFO - BasicAPIMultipleResultExtract1 : Reporting test data set line 32 as PASS In excel.
2017-04-26 12:07:54,894 - rootLogger - INFO - BasicAPIMultipleResultExtract1 : Reporting test data set line 33 as PASS In excel.
2017-04-26 12:07:55,550 - rootLogger - INFO - BasicAPIMultipleResultExtract1 : Reporting test data set line 34 as PASS In excel.
2017-04-26 12:07:56,189 - rootLogger - INFO - BasicAPIMultipleResultExtract1 : Reporting test data set line 35 as PASS In excel.
2017-04-26 12:07:56,825 - rootLogger - INFO - BasicAPIMultipleResultExtract1 : Reporting test data set line 36 as PASS In excel.
2017-04-26 12:07:57,480 - rootLogger - INFO - BasicAPIMultipleResultExtract1 : Reporting test data set line 37 as PASS In excel.
2017-04-26 12:07:58,121 - rootLogger - INFO - BasicAPIMultipleResultExtract1 : Reporting test data set line 38 as PASS In excel.
2017-04-26 12:07:58,761 - rootLogger - INFO - BasicAPIMultipleResultExtract1 : Reporting test data set line 39 as PASS In excel.
2017-04-26 12:07:59,310 - rootLogger - INFO - BasicAPIMultipleResultExtract1 : Reporting test data set line 40 as PASS In excel.
2017-04-26 12:08:00,030 - rootLogger - INFO - BasicAPIMultipleResultExtract1 : Reporting test data set line 41 as PASS In excel.
2017-04-26 12:08:00,673 - rootLogger - INFO - BasicAPIMultipleResultExtract1 : Reporting test data set line 42 as PASS In excel.
2017-04-26 12:08:01,323 - rootLogger - INFO - BasicAPIMultipleResultExtract1 : Reporting test data set line 43 as PASS In excel.
2017-04-26 12:08:01,949 - rootLogger - INFO - BasicAPIMultipleResultExtract1 : Reporting test data set line 44 as PASS In excel.
2017-04-26 12:08:02,609 - rootLogger - INFO - BasicAPIMultipleResultExtract1 : Reporting test data set line 45 as PASS In excel.
